============================================================
  Generated by:           Encounter(R) RTL Compiler RC14.13 - v14.10-s027_1
  Generated on:           Sep 30 2019  06:16:44 pm
  Module:                 laundrycombo
  Technology library:     slow_vdd1v0 1.0
  Operating conditions:   PVT_0P9V_125C (balanced_tree)
  Wireload mode:          enclosed
  Area mode:              timing library
============================================================

                              
   Gate    Instances   Area       Library    
---------------------------------------------
AOI21X1            2    3.420    slow_vdd1v0 
AOI221X1           2    4.788    slow_vdd1v0 
AOI33X1            1    2.736    slow_vdd1v0 
AOI33XL            1    2.394    slow_vdd1v0 
DFFHQX1            9   49.248    slow_vdd1v0 
INVX1             12    8.208    slow_vdd1v0 
INVXL              6    4.104    slow_vdd1v0 
NAND2BX1           3    4.104    slow_vdd1v0 
NAND2BXL           1    1.368    slow_vdd1v0 
NAND2X1           11   11.286    slow_vdd1v0 
NAND2XL            3    3.078    slow_vdd1v0 
NAND3BXL           6   10.260    slow_vdd1v0 
NAND3X1            4    6.840    slow_vdd1v0 
NAND4BX1           1    2.394    slow_vdd1v0 
NAND4XL            1    1.710    slow_vdd1v0 
NOR2BX1            2    2.736    slow_vdd1v0 
NOR2X1             9    9.234    slow_vdd1v0 
NOR2XL             1    1.026    slow_vdd1v0 
NOR3BX1            1    2.052    slow_vdd1v0 
NOR3X1             4    6.840    slow_vdd1v0 
NOR4X1             4    6.840    slow_vdd1v0 
OA22X1             1    2.394    slow_vdd1v0 
OAI211X1           5    8.550    slow_vdd1v0 
OAI21X1            2    3.420    slow_vdd1v0 
OAI21XL            1    1.710    slow_vdd1v0 
OAI221X1           2    4.788    slow_vdd1v0 
OAI22X1            1    2.052    slow_vdd1v0 
OAI2BB1X1          3    5.130    slow_vdd1v0 
OAI33X1            1    2.736    slow_vdd1v0 
OR2XL              2    2.736    slow_vdd1v0 
OR3XL              1    2.052    slow_vdd1v0 
OR4X1              3    6.156    slow_vdd1v0 
---------------------------------------------
total            106  186.390                


                                    
   Type    Instances   Area  Area % 
------------------------------------
sequential         9  49.248   26.4 
inverter          18  12.312    6.6 
logic             79 124.830   67.0 
------------------------------------
total            106 186.390  100.0 

